Start testing: Oct 26 22:40 GTBST
----------------------------------------------------------
1/14 Testing: bisect
1/14 Test: bisect
Command: "H:/opt/xscript/lua/luadist/bin/win32x86/lua.exe" "H:/opt/xscript/lua/luadist/5.1.5/_build/win32x86/bisect.lua" "."
Directory: /h/opt/xscript/lua/luadist/5.1.5/_build/win32x86
"bisect" start time: Oct 26 22:40 GTBST
Output:
----------------------------------------------------------
0 c=1.5 a=1 b=2
1 c=1.25 a=1 b=1.5
2 c=1.375 a=1.25 b=1.5
3 c=1.3125 a=1.25 b=1.375
4 c=1.34375 a=1.3125 b=1.375
5 c=1.328125 a=1.3125 b=1.34375
6 c=1.3203125 a=1.3125 b=1.328125
7 c=1.32421875 a=1.3203125 b=1.328125
8 c=1.326171875 a=1.32421875 b=1.328125
9 c=1.3251953125 a=1.32421875 b=1.326171875
10 c=1.32470703125 a=1.32421875 b=1.3251953125
11 c=1.324951171875 a=1.32470703125 b=1.3251953125
12 c=1.3248291015625 a=1.32470703125 b=1.324951171875
13 c=1.3247680664063 a=1.32470703125 b=1.3248291015625
14 c=1.3247375488281 a=1.32470703125 b=1.3247680664063
15 c=1.3247222900391 a=1.32470703125 b=1.3247375488281
16 c=1.3247146606445 a=1.32470703125 b=1.3247222900391
17 c=1.3247184753418 a=1.3247146606445 b=1.3247222900391
18 c=1.3247165679932 a=1.3247146606445 b=1.3247184753418
19 c=1.3247175216675 a=1.3247165679932 b=1.3247184753418
20 c=1.3247179985046 a=1.3247175216675 b=1.3247184753418
after 20 steps, root is 1.3247179985046387 with error 9.5e-007, f=1.8e-007
<end of output>
Test time =   0.03 sec
----------------------------------------------------------
Test Passed.
"bisect" end time: Oct 26 22:40 GTBST
"bisect" time elapsed: 00:00:00
----------------------------------------------------------

2/14 Testing: cf
2/14 Test: cf
Command: "H:/opt/xscript/lua/luadist/bin/win32x86/lua.exe" "H:/opt/xscript/lua/luadist/5.1.5/_build/win32x86/cf.lua" "."
Directory: /h/opt/xscript/lua/luadist/5.1.5/_build/win32x86
"cf" start time: Oct 26 22:40 GTBST
Output:
----------------------------------------------------------
C -20 -19 -18 -17 -16 -15 -14 -13 -12 -11 
F  -4  -2  -0   1   3   5   7   9  10  12 

C -10  -9  -8  -7  -6  -5  -4  -3  -2  -1 
F  14  16  18  19  21  23  25  27  28  30 

C   0   1   2   3   4   5   6   7   8   9 
F  32  34  36  37  39  41  43  45  46  48 

C  10  11  12  13  14  15  16  17  18  19 
F  50  52  54  55  57  59  61  63  64  66 

C  20  21  22  23  24  25  26  27  28  29 
F  68  70  72  73  75  77  79  81  82  84 

C  30  31  32  33  34  35  36  37  38  39 
F  86  88  90  91  93  95  97  99 100 102 

C  40  41  42  43  44  45  46  47  48  49 
F 104 106 108 109 111 113 115 117 118 120 

<end of output>
Test time =   0.02 sec
----------------------------------------------------------
Test Passed.
"cf" end time: Oct 26 22:40 GTBST
"cf" time elapsed: 00:00:00
----------------------------------------------------------

3/14 Testing: echo
3/14 Test: echo
Command: "H:/opt/xscript/lua/luadist/bin/win32x86/lua.exe" "H:/opt/xscript/lua/luadist/5.1.5/_build/win32x86/echo.lua" "."
Directory: /h/opt/xscript/lua/luadist/5.1.5/_build/win32x86
"echo" start time: Oct 26 22:40 GTBST
Output:
----------------------------------------------------------
0	H:/opt/xscript/lua/luadist/5.1.5/test/echo.lua
<end of output>
Test time =   0.02 sec
----------------------------------------------------------
Test Passed.
"echo" end time: Oct 26 22:40 GTBST
"echo" time elapsed: 00:00:00
----------------------------------------------------------

4/14 Testing: env
4/14 Test: env
Command: "H:/opt/xscript/lua/luadist/bin/win32x86/lua.exe" "H:/opt/xscript/lua/luadist/5.1.5/_build/win32x86/env.lua" "."
Directory: /h/opt/xscript/lua/luadist/5.1.5/_build/win32x86
"env" start time: Oct 26 22:40 GTBST
Output:
----------------------------------------------------------
nil	nil	D:\usr\QtSDK\Desktop\Qt\4.7.3\msvc2008\bin;D:\usr\Intel\Compiler\11.1\060\ipp\ia32\bin;D:\usr\Intel\Compiler\11.1\060\mkl\ia32\bin;D:\usr\Intel\Compiler\11.1\060\tbb\ia32\vc9\bin;D:\usr\Intel\Compiler\11.1\060\Bin\ia32;D:\usr\Microsoft Visual Studio 9.0\Common7\IDE;D:\usr\Microsoft Visual Studio 9.0\VC\BIN;D:\usr\Microsoft Visual Studio 9.0\Common7\Tools;D:\usr\Microsoft Visual Studio 9.0\Common7\Tools\bin;C:\Windows\Microsoft.NET\Framework\v3.5;C:\Windows\Microsoft.NET\Framework\v2.0.50727;D:\usr\Microsoft Visual Studio 9.0\VC\VCPackages;C:\Program Files\Microsoft SDKs\Windows\v6.0A\bin;.;C:\Program Files (x86)\CollabNet;H:\usr\Collabnet\Subversion;D:\usr\Python27\Scripts;D:\usr\Python27;D:\usr\Java\x86\jdk1.6.0_12\bin;D:\usr\TeleTrader\Professional;H:\bin;H:\bin\common;H:\bin\bsh;D:\usr\cygwin64\bin;D:\usr\Lindoapi\9.0\bin\win32;D:\usr\Lindoapi\9.0\bin\win64;D:\usr\Intel\Compiler\11.1\060\lib\Intel64;D:\usr\Intel\Compiler\11.1\060\lib\ia32;D:\usr\Intel\Compiler\11.1\060\tbb\intel64\vc9\bin;D:\usr\Intel\Compiler\11.1\060\ipp\em64t\bin;D:\usr\Intel\Compiler\11.1\060\mkl\em64t\bin;C:\Windows\system32;C:\Windows;C:\Windows\System32\Wbem;C:\Windows\System32\WindowsPowerShell\v1.0;H:\dev\c\metaxess\trunk\bin\win32;H:\dev\c\tabox\trunk\bin\win32;C:\Program Files (x86)\Microsoft SQL Server\90\Tools\binn;D:\usr\MATLAB\R2010a\x64\runtime\win64;D:\usr\MATLAB\R2010a\x64\bin;D:\usr\MATLAB\R2010a\x86\runtime\win32;D:\usr\MATLAB\R2010a\x86\bin;D:\usr\TortoiseSVN\bin;H:\prob\bapps\run;D:\usr\ilog\CPLEX111\bin\x86_win32;H:\usr\Lua\5.1;H:\usr\Lua\5.1\clibs;D:\usr\LINGO\13.0;D:\usr\LINGO\64_13.0;D:\usr\QtSDK\Desktop\Qt\4.7.3\msvc2008\bin;H:\usr\AMPLcml;D:\usr\GAMS\23.7;D:\usr\gnuplot\bin;H:\opt\xplot\chartdir\ChartDirector\lib;D:\usr\LINGO\14.0;H:\usr\eclipse\eclipse-SDK-3.7.1-win32\eclipse;D:\usr\American Optimal Decisions\PSG_Express\MATLAB;D:\usr\MiKTeX\2.9\miktex\bin;D:\usr\LINGO\64_14.0;H:\usr\CoinAll\CoinAll-1.6.0-win64-intel11.1\bin;H:\usr\CoinAll\CoinAll-1.6.0-win64-intel11.1\lib;D:\usr\Mosek\7\tools\platform\win64x86\bin;D:\usr\doxygen\bin;D:\usr\LINGO\14.0;D:\usr\IBM\ILOG\CPLEX_Studio_125\opl\bin\x86_win32;D:\usr\IBM\ILOG\CPLEX_Studio_125\opl\oplide;D:\usr\IBM\ILOG\CPLEX_Studio_125\cplex\bin\x86_win32;D:\usr\IBM\ILOG\CPLEX_Studio_125\cpoptimizer\bin\x86_win32;H:\usr\Gtk+\bin;D:\usr\gurobi\461\win32\bin;D:\usr\Microsoft Solver Foundation\3.0.2.10889\Plugins;D:\usr\gs\gs9.14\bin;D:\usr\LINGO\64_15.0;D:\usr\OpenVPN\bin;D:\usr\LINGO\15.0;H:\apps\developers\tmake-2.13-beta1\bin
<end of output>
Test time =   0.03 sec
----------------------------------------------------------
Test Passed.
"env" end time: Oct 26 22:40 GTBST
"env" time elapsed: 00:00:00
----------------------------------------------------------

5/14 Testing: factorial
5/14 Test: factorial
Command: "H:/opt/xscript/lua/luadist/bin/win32x86/lua.exe" "H:/opt/xscript/lua/luadist/5.1.5/_build/win32x86/factorial.lua" "."
Directory: /h/opt/xscript/lua/luadist/5.1.5/_build/win32x86
"factorial" start time: Oct 26 22:40 GTBST
Output:
----------------------------------------------------------
0! = 1
1! = 1
2! = 2
3! = 6
4! = 24
5! = 120
6! = 720
7! = 5040
8! = 40320
9! = 362880
10! = 3628800
11! = 39916800
12! = 479001600
13! = 6227020800
14! = 87178291200
15! = 1307674368000
16! = 20922789888000
<end of output>
Test time =   0.03 sec
----------------------------------------------------------
Test Passed.
"factorial" end time: Oct 26 22:40 GTBST
"factorial" time elapsed: 00:00:00
----------------------------------------------------------

6/14 Testing: fib
6/14 Test: fib
Command: "H:/opt/xscript/lua/luadist/bin/win32x86/lua.exe" "H:/opt/xscript/lua/luadist/5.1.5/_build/win32x86/fib.lua" "." "20"
Directory: /h/opt/xscript/lua/luadist/5.1.5/_build/win32x86
"fib" start time: Oct 26 22:40 GTBST
Output:
----------------------------------------------------------
	n	value	time	evals
plain	20	6765	0.007	21891
cached	20	6765	0	21
<end of output>
Test time =   0.03 sec
----------------------------------------------------------
Test Passed.
"fib" end time: Oct 26 22:40 GTBST
"fib" time elapsed: 00:00:00
----------------------------------------------------------

7/14 Testing: fibfor
7/14 Test: fibfor
Command: "H:/opt/xscript/lua/luadist/bin/win32x86/lua.exe" "H:/opt/xscript/lua/luadist/5.1.5/_build/win32x86/fibfor.lua" "."
Directory: /h/opt/xscript/lua/luadist/5.1.5/_build/win32x86
"fibfor" start time: Oct 26 22:40 GTBST
Output:
----------------------------------------------------------
1
1
2
3
5
8
13
21
34
55
89
144
233
377
610
987
<end of output>
Test time =   0.03 sec
----------------------------------------------------------
Test Passed.
"fibfor" end time: Oct 26 22:40 GTBST
"fibfor" time elapsed: 00:00:00
----------------------------------------------------------

8/14 Testing: hello
8/14 Test: hello
Command: "H:/opt/xscript/lua/luadist/bin/win32x86/lua.exe" "H:/opt/xscript/lua/luadist/5.1.5/_build/win32x86/hello.lua" "."
Directory: /h/opt/xscript/lua/luadist/5.1.5/_build/win32x86
"hello" start time: Oct 26 22:40 GTBST
Output:
----------------------------------------------------------
Hello world, from Lua 5.1!
<end of output>
Test time =   0.03 sec
----------------------------------------------------------
Test Passed.
"hello" end time: Oct 26 22:40 GTBST
"hello" time elapsed: 00:00:00
----------------------------------------------------------

9/14 Testing: life-quick
9/14 Test: life-quick
Command: "H:/opt/xscript/lua/luadist/bin/win32x86/lua.exe" "H:/opt/xscript/lua/luadist/5.1.5/_build/win32x86/life-quick.lua" "."
Directory: /h/opt/xscript/lua/luadist/5.1.5/_build/win32x86
"life-quick" start time: Oct 26 22:40 GTBST
Output:
----------------------------------------------------------
[2J[H--------------------
--------------------
--------------------
-----O--------------
------OO------------
-----OO-------------
--------------------
--------------------
--------------------
--------------------
-----OO-------------
----OOOO------------
----OO-OO-----------
------OO------------
--------------------
Life - generation 1
[H--------------------
--------------------
--------------------
------O-------------
-------O------------
-----OOO------------
--------------------
--------------------
--------------------
--------------------
----O--O------------
--------O-----------
----O---O-----------
-----OOOO-----------
--------------------
Life - generation 2
[H--------------------
--------------------
--------------------
--------------------
-----O-O------------
------OO------------
------O-------------
--------------------
--------------------
--------------------
--------------------
-------OO-----------
-----OO-OO----------
-----OOOO-----------
------OO------------
Life - generation 3
[H--------------------
--------------------
--------------------
--------------------
-------O------------
-----O-O------------
------OO------------
--------------------
--------------------
--------------------
--------------------
------OOOO----------
-----O---O----------
---------O----------
-----O--O-----------
Life - generation 4
[H--------------------
--------------------
--------------------
--------------------
------O-------------
-------OO-----------
------OO------------
--------------------
--------------------
--------------------
-------OO-----------
------OOOO----------
------OO-OO---------
--------OO----------
--------------------
Life - generation 5
[H--------------------
--------------------
--------------------
--------------------
-------O------------
--------O-----------
------OOO-----------
--------------------
--------------------
--------------------
------O--O----------
----------O---------
------O---O---------
-------OOOO---------
--------------------
Life - generation 6
[H--------------------
--------------------
--------------------
--------------------
--------------------
------O-O-----------
-------OO-----------
-------O------------
--------------------
--------------------
--------------------
---------OO---------
-------OO-OO--------
-------OOOO---------
--------OO----------
Life - generation 7
[H--------------------
--------------------
--------------------
--------------------
--------------------
--------O-----------
------O-O-----------
-------OO-----------
--------------------
--------------------
--------------------
--------OOOO--------
-------O---O--------
-----------O--------
-------O--O---------
Life - generation 8
[H--------------------
--------------------
--------------------
--------------------
--------------------
-------O------------
--------OO----------
-------OO-----------
--------------------
--------------------
---------OO---------
--------OOOO--------
--------OO-OO-------
----------OO--------
--------------------
Life - generation 9
[H--------------------
--------------------
--------------------
--------------------
--------------------
--------O-----------
---------O----------
-------OOO----------
--------------------
--------------------
--------O--O--------
------------O-------
--------O---O-------
---------OOOO-------
--------------------
Life - generation 10
[H--------------------
--------------------
--------------------
--------------------
--------------------
--------------------
-------O-O----------
--------OO----------
--------O-----------
--------------------
--------------------
-----------OO-------
---------OO-OO------
---------OOOO-------
----------OO--------
Life - generation 11
[H--------------------
--------------------
--------------------
--------------------
--------------------
--------------------
---------O----------
-------O-O----------
--------OO----------
--------------------
--------------------
----------OOOO------
---------O---O------
-------------O------
---------O--O-------
Life - generation 12
[H--------------------
--------------------
--------------------
--------------------
--------------------
--------------------
--------O-----------
---------OO---------
--------OO----------
--------------------
-----------OO-------
----------OOOO------
----------OO-OO-----
------------OO------
--------------------
Life - generation 13
[H--------------------
--------------------
--------------------
--------------------
--------------------
--------------------
---------O----------
----------O---------
--------OOO---------
--------------------
----------O--O------
--------------O-----
----------O---O-----
-----------OOOO-----
--------------------
Life - generation 14
[H--------------------
--------------------
--------------------
--------------------
--------------------
--------------------
--------------------
--------O-O---------
---------OO---------
----------O---------
--------------------
-------------OO-----
-----------OO-OO----
-----------OOOO-----
------------OO------
Life - generation 15
[H--------------------
--------------------
--------------------
--------------------
--------------------
--------------------
--------------------
----------O---------
----------OO--------
---------OO---------
--------------------
------------OOOO----
-----------O---O----
---------------O----
-----------O--O-----
Life - generation 16
[H--------------------
--------------------
--------------------
--------------------
--------------------
--------------------
--------------------
----------OO--------
-----------O--------
---------OOO--------
-------------OO-----
------------OOOO----
------------OO-OO---
--------------OO----
--------------------
Life - generation 17
[H--------------------
--------------------
--------------------
--------------------
--------------------
--------------------
--------------------
----------OO--------
---------O--O-------
----------OOO-------
----------OO---O----
----------------O---
------------O---O---
-------------OOOO---
--------------------
Life - generation 18
[H--------------------
--------------------
--------------------
--------------------
--------------------
--------------------
--------------------
----------OO--------
---------O--O-------
---------O--O-------
----------O-O-------
-----------O---OO---
-------------OO-OO--
-------------OOOO---
--------------OO----
Life - generation 19
[H--------------------
--------------------
--------------------
--------------------
--------------------
--------------------
--------------------
----------OO--------
---------O--O-------
---------OO-OO------
----------O-O-------
-----------OOOOOOO--
------------OO---O--
-----------------O--
-------------O--O---
Life - generation 20
<end of output>
Test time =   0.04 sec
----------------------------------------------------------
Test Passed.
"life-quick" end time: Oct 26 22:40 GTBST
"life-quick" time elapsed: 00:00:00
----------------------------------------------------------

10/14 Testing: printf
10/14 Test: printf
Command: "H:/opt/xscript/lua/luadist/bin/win32x86/lua.exe" "H:/opt/xscript/lua/luadist/5.1.5/_build/win32x86/printf.lua" "."
Directory: /h/opt/xscript/lua/luadist/5.1.5/_build/win32x86
"printf" start time: Oct 26 22:40 GTBST
Output:
----------------------------------------------------------
Hello there from Lua 5.1 on 10/26/14 22:40:41
<end of output>
Test time =   0.02 sec
----------------------------------------------------------
Test Passed.
"printf" end time: Oct 26 22:40 GTBST
"printf" time elapsed: 00:00:00
----------------------------------------------------------

11/14 Testing: sieve
11/14 Test: sieve
Command: "H:/opt/xscript/lua/luadist/bin/win32x86/lua.exe" "H:/opt/xscript/lua/luadist/5.1.5/_build/win32x86/sieve.lua" "."
Directory: /h/opt/xscript/lua/luadist/5.1.5/_build/win32x86
"sieve" start time: Oct 26 22:40 GTBST
Output:
----------------------------------------------------------
2
3
5
7
11
13
17
19
23
29
31
37
41
43
47
53
59
61
67
71
73
79
83
89
97
101
103
107
109
113
127
131
137
139
149
151
157
163
167
173
179
181
191
193
197
199
211
223
227
229
233
239
241
251
257
263
269
271
277
281
283
293
307
311
313
317
331
337
347
349
353
359
367
373
379
383
389
397
401
409
419
421
431
433
439
443
449
457
461
463
467
479
487
491
499
503
509
521
523
541
547
557
563
569
571
577
587
593
599
601
607
613
617
619
631
641
643
647
653
659
661
673
677
683
691
701
709
719
727
733
739
743
751
757
761
769
773
787
797
809
811
821
823
827
829
839
853
857
859
863
877
881
883
887
907
911
919
929
937
941
947
953
967
971
977
983
991
997
<end of output>
Test time =   0.03 sec
----------------------------------------------------------
Test Passed.
"sieve" end time: Oct 26 22:40 GTBST
"sieve" time elapsed: 00:00:00
----------------------------------------------------------

12/14 Testing: sort
12/14 Test: sort
Command: "H:/opt/xscript/lua/luadist/bin/win32x86/lua.exe" "H:/opt/xscript/lua/luadist/5.1.5/_build/win32x86/sort.lua" "."
Directory: /h/opt/xscript/lua/luadist/5.1.5/_build/win32x86
"sort" start time: Oct 26 22:40 GTBST
Output:
----------------------------------------------------------
original
	Jan,Feb,Mar,Apr,May,Jun,Jul,Aug,Sep,Oct,Nov,Dec
after quicksort
	Apr,Aug,Dec,Feb,Jan,Jul,Jun,Mar,May,Nov,Oct,Sep
after reverse selection sort
	Sep,Oct,Nov,May,Mar,Jun,Jul,Jan,Feb,Dec,Aug,Apr
after quicksort again
	Apr,Aug,Dec,Feb,Jan,Jul,Jun,Mar,May,Nov,Oct,Sep
<end of output>
Test time =   0.02 sec
----------------------------------------------------------
Test Passed.
"sort" end time: Oct 26 22:40 GTBST
"sort" time elapsed: 00:00:00
----------------------------------------------------------

13/14 Testing: trace-calls
13/14 Test: trace-calls
Command: "H:/opt/xscript/lua/luadist/bin/win32x86/lua.exe" "H:/opt/xscript/lua/luadist/5.1.5/_build/win32x86/trace-calls.lua" "."
Directory: /h/opt/xscript/lua/luadist/5.1.5/_build/win32x86
"trace-calls" start time: Oct 26 22:40 GTBST
Output:
----------------------------------------------------------
0 >>> ...:/opt/xscript/lua/luadist/5.1.5/test/trace-calls.lua:31 return sethook [C] 
0 >>> end ...:/opt/xscript/lua/luadist/5.1.5/test/trace-calls.lua
0 >>> end ...:/opt/xscript/lua/luadist/5.1.5/test/trace-calls.lua
0 >>> return (C) [C] 
<end of output>
Test time =   0.02 sec
----------------------------------------------------------
Test Passed.
"trace-calls" end time: Oct 26 22:40 GTBST
"trace-calls" time elapsed: 00:00:00
----------------------------------------------------------

14/14 Testing: trace-globals
14/14 Test: trace-globals
Command: "H:/opt/xscript/lua/luadist/bin/win32x86/lua.exe" "H:/opt/xscript/lua/luadist/5.1.5/_build/win32x86/trace-globals.lua" "."
Directory: /h/opt/xscript/lua/luadist/5.1.5/_build/win32x86
"trace-globals" start time: Oct 26 22:40 GTBST
Output:
----------------------------------------------------------
...opt/xscript/lua/luadist/5.1.5/test/trace-globals.lua:32: a is now 1 (was nil)
...opt/xscript/lua/luadist/5.1.5/test/trace-globals.lua:33: b is now 2 (was nil)
...opt/xscript/lua/luadist/5.1.5/test/trace-globals.lua:34: a is now 10 (was 1)
...opt/xscript/lua/luadist/5.1.5/test/trace-globals.lua:35: b is now 20 (was 2)
...opt/xscript/lua/luadist/5.1.5/test/trace-globals.lua:36: b is now nil (was 20)
...opt/xscript/lua/luadist/5.1.5/test/trace-globals.lua:37: b is now 200 (was nil)
10	200	nil
<end of output>
Test time =   0.02 sec
----------------------------------------------------------
Test Passed.
"trace-globals" end time: Oct 26 22:40 GTBST
"trace-globals" time elapsed: 00:00:00
----------------------------------------------------------

End testing: Oct 26 22:40 GTBST
